<?xml version="1.0" encoding="utf-8"?><testsuites name="pytest tests"><testsuite name="pytest" errors="0" failures="0" skipped="0" tests="31" time="1.727" timestamp="2026-04-28T16:59:54.384121+00:00" hostname="agent-env-f1d55d72-93ae-47cd-bfb3-7ca1c39a7752"><testcase classname="backend.tests.test_aetherV2_iter5_extra" name="test_employees_accountant_chat_reply_salary_handling" time="0.072" /><testcase classname="backend.tests.test_aetherV2_iter5_extra" name="test_employees_hr_chat_reply_returns_employees" time="0.071" /><testcase classname="backend.tests.test_aetherV2_iter5_extra" name="test_kpi_details_variants[expenses]" time="0.066" /><testcase classname="backend.tests.test_aetherV2_iter5_extra" name="test_kpi_details_variants[employees]" time="0.003" /><testcase classname="backend.tests.test_aetherV2_iter5_extra" name="test_kpi_details_variants[volunteers]" time="0.003" /><testcase classname="backend.tests.test_aetherV2_iter5_extra" name="test_kpi_details_variants[inventory_items]" time="0.003" /><testcase classname="backend.tests.test_aetherV2_iter5_extra" name="test_kpi_details_variants[programs]" time="0.003" /><testcase classname="backend.tests.test_aetherV2_iter5_extra" name="test_compliance_form10b_auditor_checklist" time="0.005" /><testcase classname="backend.tests.test_aetherV2_iter5_extra" name="test_compliance_combined_all_sections" time="0.006" /><testcase classname="backend.tests.test_aetherV2_iter5_extra" name="test_compliance_blocked_for_viewer" time="0.065" /><testcase classname="backend.tests.test_aetherV2_iter5_extra" name="test_compliance_blocked_for_hr" time="0.003" /><testcase classname="backend.tests.test_aetherV2_iter5_extra" name="test_compliance_allowed_for_manager" time="0.067" /><testcase classname="backend.tests.test_aetherV2_iter5_extra" name="test_report_export_custom_dates_csv" time="0.003" /><testcase classname="backend.tests.test_aetherV2_iter5" name="test_rbac_info_super_admin" time="0.066" /><testcase classname="backend.tests.test_aetherV2_iter5" name="test_rbac_info_editor_limited_csv_modules" time="0.066" /><testcase classname="backend.tests.test_aetherV2_iter5" name="test_rbac_info_viewer_no_csv" time="0.066" /><testcase classname="backend.tests.test_aetherV2_iter5" name="test_editor_donors_email_phone_redacted" time="0.070" /><testcase classname="backend.tests.test_aetherV2_iter5" name="test_super_admin_donors_full" time="0.069" /><testcase classname="backend.tests.test_aetherV2_iter5" name="test_kpi_details_donations" time="0.065" /><testcase classname="backend.tests.test_aetherV2_iter5" name="test_kpi_details_donors_aggregates" time="0.067" /><testcase classname="backend.tests.test_aetherV2_iter5" name="test_kpi_details_blocked_for_editor" time="0.064" /><testcase classname="backend.tests.test_aetherV2_iter5" name="test_compliance_80g_with_cash_flag" time="0.066" /><testcase classname="backend.tests.test_aetherV2_iter5" name="test_compliance_12a_application_pct" time="0.066" /><testcase classname="backend.tests.test_aetherV2_iter5" name="test_compliance_fcra_quarters" time="0.069" /><testcase classname="backend.tests.test_aetherV2_iter5" name="test_compliance_csr" time="0.066" /><testcase classname="backend.tests.test_aetherV2_iter5" name="test_compliance_overview_returns_all_sections" time="0.067" /><testcase classname="backend.tests.test_aetherV2_iter5" name="test_compliance_blocked_for_editor" time="0.066" /><testcase classname="backend.tests.test_aetherV2_iter5" name="test_compliance_invalid_dates_rejected" time="0.064" /><testcase classname="backend.tests.test_aetherV2_iter5" name="test_compliance_export_csv" time="0.066" /><testcase classname="backend.tests.test_aetherV2_iter5" name="test_module_report_custom_dates" time="0.065" /><testcase classname="backend.tests.test_aetherV2_iter5" name="test_csv_import_drops_unknown_columns" time="0.147" /></testsuite></testsuites>