<?xml version="1.0" encoding="utf-8"?><testsuites name="pytest tests"><testsuite name="pytest" errors="0" failures="0" skipped="1" tests="30" time="6.127" timestamp="2026-04-28T11:39:47.604089+00:00" hostname="agent-env-f1d55d72-93ae-47cd-bfb3-7ca1c39a7752"><testcase classname="backend.tests.test_aether_v2" name="test_basic_actions_return_200[identity]" time="0.373" /><testcase classname="backend.tests.test_aether_v2" name="test_basic_actions_return_200[dashboard]" time="0.131" /><testcase classname="backend.tests.test_aether_v2" name="test_basic_actions_return_200[schema_sync]" time="0.151" /><testcase classname="backend.tests.test_aether_v2" name="test_basic_actions_return_200[schema_changes]" time="0.110" /><testcase classname="backend.tests.test_aether_v2" name="test_basic_actions_return_200[knowledge_summary]" time="0.107" /><testcase classname="backend.tests.test_aether_v2" name="test_basic_actions_return_200[knowledge_search]" time="0.101" /><testcase classname="backend.tests.test_aether_v2" name="test_basic_actions_return_200[health]" time="0.125" /><testcase classname="backend.tests.test_aether_v2" name="test_basic_actions_return_200[issues]" time="0.146" /><testcase classname="backend.tests.test_aether_v2" name="test_basic_actions_return_200[audit]" time="0.126" /><testcase classname="backend.tests.test_aether_v2" name="test_basic_actions_return_200[learning_stats]" time="0.131" /><testcase classname="backend.tests.test_aether_v2" name="test_basic_actions_return_200[list_plans]" time="0.143" /><testcase classname="backend.tests.test_aether_v2" name="test_basic_actions_return_200[history]" time="0.106" /><testcase classname="backend.tests.test_aether_v2" name="test_basic_actions_return_200[tick]" time="0.139" /><testcase classname="backend.tests.test_aether_v2" name="test_describe_employees" time="0.125" /><testcase classname="backend.tests.test_aether_v2" name="test_knowledge_search_donor" time="0.120" /><testcase classname="backend.tests.test_aether_v2" name="test_schema_adaptive_create_alter_drop" time="1.462" /><testcase classname="backend.tests.test_aether_v2" name="test_chat_intents[hello-expected_intents0]" time="0.119" /><testcase classname="backend.tests.test_aether_v2" name="test_chat_intents[show dashboard-expected_intents1]" time="0.123" /><testcase classname="backend.tests.test_aether_v2" name="test_chat_intents[top donors-expected_intents2]" time="0.119" /><testcase classname="backend.tests.test_aether_v2" name="test_chat_intents[forecast donations-expected_intents3]" time="0.116" /><testcase classname="backend.tests.test_aether_v2" name="test_chat_intents[low stock-expected_intents4]" time="0.107" /><testcase classname="backend.tests.test_aether_v2" name="test_chat_intents[describe employees-expected_intents5]" time="0.118" /><testcase classname="backend.tests.test_aether_v2" name="test_chat_intents[recent audit-expected_intents6]" time="0.110" /><testcase classname="backend.tests.test_aether_v2" name="test_chat_intents[health-expected_intents7]" time="0.123" /><testcase classname="backend.tests.test_aether_v2" name="test_donation_plan_approve_workflow" time="0.386" /><testcase classname="backend.tests.test_aether_v2" name="test_expense_plan_reject_workflow" time="0.371" /><testcase classname="backend.tests.test_aether_v2" name="test_self_heal_salary_mismatch" time="0.321" /><testcase classname="backend.tests.test_aether_v2" name="test_self_heal_requires_admin" time="0.164"><skipped type="pytest.skip" message="Non-admin user unavailable">/app/backend/tests/test_aether_v2.py:245: Non-admin user unavailable</skipped></testcase><testcase classname="backend.tests.test_aether_v2" name="test_audit_log_events" time="0.122" /><testcase classname="backend.tests.test_aether_v2" name="test_feedback_recorded" time="0.131" /></testsuite></testsuites>