<?xml version="1.0" encoding="utf-8"?><testsuites name="pytest tests"><testsuite name="pytest" errors="0" failures="3" skipped="0" tests="46" time="7.518" timestamp="2026-04-28T13:44:07.045614+00:00" hostname="agent-env-f1d55d72-93ae-47cd-bfb3-7ca1c39a7752"><testcase classname="backend.tests.test_aetherV2_iter3" name="test_actions_smoke[identity]" time="0.361" /><testcase classname="backend.tests.test_aetherV2_iter3" name="test_actions_smoke[dashboard]" time="0.162" /><testcase classname="backend.tests.test_aetherV2_iter3" name="test_actions_smoke[schema_sync]" time="0.142" /><testcase classname="backend.tests.test_aetherV2_iter3" name="test_actions_smoke[schema_diff]" time="0.240" /><testcase classname="backend.tests.test_aetherV2_iter3" name="test_actions_smoke[schema_changes]" time="0.117" /><testcase classname="backend.tests.test_aetherV2_iter3" name="test_actions_smoke[knowledge_summary]" time="0.122" /><testcase classname="backend.tests.test_aetherV2_iter3" name="test_actions_smoke[health]" time="0.137" /><testcase classname="backend.tests.test_aetherV2_iter3" name="test_actions_smoke[issues]" time="0.141" /><testcase classname="backend.tests.test_aetherV2_iter3" name="test_actions_smoke[audit]" time="0.129" /><testcase classname="backend.tests.test_aetherV2_iter3" name="test_actions_smoke[learning_stats]" time="0.117" /><testcase classname="backend.tests.test_aetherV2_iter3" name="test_actions_smoke[list_plans]" time="0.120" /><testcase classname="backend.tests.test_aetherV2_iter3" name="test_actions_smoke[history]" time="0.134" /><testcase classname="backend.tests.test_aetherV2_iter3" name="test_actions_smoke[tick]" time="0.206" /><testcase classname="backend.tests.test_aetherV2_iter3" name="test_knowledge_search" time="0.129" /><testcase classname="backend.tests.test_aetherV2_iter3" name="test_describe" time="0.126" /><testcase classname="backend.tests.test_aetherV2_iter3" name="test_self_heal_admin" time="0.155" /><testcase classname="backend.tests.test_aetherV2_iter3" name="test_feedback_action" time="0.125" /><testcase classname="backend.tests.test_aetherV2_iter3" name="test_module_report[donations]" time="0.147" /><testcase classname="backend.tests.test_aetherV2_iter3" name="test_module_report[expenses]" time="0.133" /><testcase classname="backend.tests.test_aetherV2_iter3" name="test_module_report[hr]" time="0.137" /><testcase classname="backend.tests.test_aetherV2_iter3" name="test_module_report[inventory]" time="0.133" /><testcase classname="backend.tests.test_aetherV2_iter3" name="test_module_report[programs]" time="0.131" /><testcase classname="backend.tests.test_aetherV2_iter3" name="test_module_report[volunteers]" time="0.121" /><testcase classname="backend.tests.test_aetherV2_iter3" name="test_module_report[cms]" time="0.123" /><testcase classname="backend.tests.test_aetherV2_iter3" name="test_module_report[audit]" time="0.136" /><testcase classname="backend.tests.test_aetherV2_iter3" name="test_upload_image" time="0.162" /><testcase classname="backend.tests.test_aetherV2_iter3" name="test_suggest_caption" time="0.116" /><testcase classname="backend.tests.test_aetherV2_iter3" name="test_chat_module_report_intent_expenses" time="0.122" /><testcase classname="backend.tests.test_aetherV2_iter3" name="test_chat_module_report_intent_donations" time="0.110" /><testcase classname="backend.tests.test_aetherV2_iter3" name="test_write_planner[create_donor]" time="0.137" /><testcase classname="backend.tests.test_aetherV2_iter3" name="test_write_planner[create_volunteer]" time="0.150" /><testcase classname="backend.tests.test_aetherV2_iter3" name="test_write_planner[approve_expense]" time="0.136" /><testcase classname="backend.tests.test_aetherV2_iter3" name="test_write_planner[adjust_inventory]" time="0.119"><failure message="AssertionError: adjust_inventory did not yield plan: keys=['action', 'reply', 'cards', 'plan', 'mode', 'intent', 'confidence', 'kg_matches']&#10;assert ('answer' == 'plan'&#10;  &#10;  - plan&#10;  + answer or None)">E   AssertionError: adjust_inventory did not yield plan: keys=['action', 'reply', 'cards', 'plan', 'mode', 'intent', 'confidence', 'kg_matches']
    assert ('answer' == 'plan'
      
      - plan
      + answer or None)</failure></testcase><testcase classname="backend.tests.test_aetherV2_iter3" name="test_write_planner[add_inventory_item]" time="0.137" /><testcase classname="backend.tests.test_aetherV2_iter3" name="test_write_planner[create_program]" time="0.132" /><testcase classname="backend.tests.test_aetherV2_iter3" name="test_write_planner[create_blog_post]" time="0.183" /><testcase classname="backend.tests.test_aetherV2_iter3" name="test_write_planner[send_message]" time="0.138" /><testcase classname="backend.tests.test_aetherV2_iter3" name="test_approve_create_blog_post" time="0.265"><failure message="AssertionError: approve failed: {'action': 'approve_plan', 'ok': False, 'error': &quot;SQLSTATE[01000]: Warning: 1265 Data truncated for column 'category' at row 1&quot;}&#10;assert (False in (True, 1) or None == 'ok')&#10; +  where False = &lt;built-in method get of dict object at 0xfb4da5839240&gt;('ok')&#10; +    where &lt;built-in method get of dict object at 0xfb4da5839240&gt; = {'action': 'approve_plan', 'error': &quot;SQLSTATE[01000]: Warning: 1265 Data truncated for column 'category' at row 1&quot;, 'ok': False}.get&#10; +  and   None = &lt;built-in method get of dict object at 0xfb4da5839240&gt;('status')&#10; +    where &lt;built-in method get of dict object at 0xfb4da5839240&gt; = {'action': 'approve_plan', 'error': &quot;SQLSTATE[01000]: Warning: 1265 Data truncated for column 'category' at row 1&quot;, 'ok': False}.get">E   AssertionError: approve failed: {'action': 'approve_plan', 'ok': False, 'error': "SQLSTATE[01000]: Warning: 1265 Data truncated for column 'category' at row 1"}
    assert (False in (True, 1) or None == 'ok')
     +  where False = &lt;built-in method get of dict object at 0xfb4da5839240&gt;('ok')
     +    where &lt;built-in method get of dict object at 0xfb4da5839240&gt; = {'action': 'approve_plan', 'error': "SQLSTATE[01000]: Warning: 1265 Data truncated for column 'category' at row 1", 'ok': False}.get
     +  and   None = &lt;built-in method get of dict object at 0xfb4da5839240&gt;('status')
     +    where &lt;built-in method get of dict object at 0xfb4da5839240&gt; = {'action': 'approve_plan', 'error': "SQLSTATE[01000]: Warning: 1265 Data truncated for column 'category' at row 1", 'ok': False}.get</failure></testcase><testcase classname="backend.tests.test_aetherV2_iter3" name="test_approve_create_donor" time="0.287" /><testcase classname="backend.tests.test_aetherV2_iter3" name="test_approve_add_inventory_item" time="0.269"><failure message="assert (False in (True, 1) or None == 'ok')&#10; +  where False = &lt;built-in method get of dict object at 0xfb4da583af40&gt;('ok')&#10; +    where &lt;built-in method get of dict object at 0xfb4da583af40&gt; = {'action': 'approve_plan', 'error': &quot;SQLSTATE[01000]: Warning: 1265 Data truncated for column 'category' at row 1&quot;, 'ok': False}.get&#10; +  and   None = &lt;built-in method get of dict object at 0xfb4da583af40&gt;('status')&#10; +    where &lt;built-in method get of dict object at 0xfb4da583af40&gt; = {'action': 'approve_plan', 'error': &quot;SQLSTATE[01000]: Warning: 1265 Data truncated for column 'category' at row 1&quot;, 'ok': False}.get">E   assert (False in (True, 1) or None == 'ok')
     +  where False = &lt;built-in method get of dict object at 0xfb4da583af40&gt;('ok')
     +    where &lt;built-in method get of dict object at 0xfb4da583af40&gt; = {'action': 'approve_plan', 'error': "SQLSTATE[01000]: Warning: 1265 Data truncated for column 'category' at row 1", 'ok': False}.get
     +  and   None = &lt;built-in method get of dict object at 0xfb4da583af40&gt;('status')
     +    where &lt;built-in method get of dict object at 0xfb4da583af40&gt; = {'action': 'approve_plan', 'error': "SQLSTATE[01000]: Warning: 1265 Data truncated for column 'category' at row 1", 'ok': False}.get</failure></testcase><testcase classname="backend.tests.test_aetherV2_iter3" name="test_approve_send_message" time="0.248" /><testcase classname="backend.tests.test_aetherV2_iter3" name="test_auto_receipt_donation_flow" time="0.407" /><testcase classname="backend.tests.test_aetherV2_iter3" name="test_acct_self_heal_403" time="0.291" /><testcase classname="backend.tests.test_aetherV2_iter3" name="test_acct_schema_sync_403" time="0.113" /><testcase classname="backend.tests.test_aetherV2_iter3" name="test_acct_chat_works" time="0.102" /><testcase classname="backend.tests.test_aetherV2_iter3" name="test_zz_cleanup" time="0.078" /></testsuite></testsuites>