<?xml version="1.0" encoding="utf-8"?><testsuites name="pytest tests"><testsuite name="pytest" errors="0" failures="0" skipped="0" tests="34" time="7.161" timestamp="2026-04-28T12:17:20.678505+00:00" hostname="agent-env-f1d55d72-93ae-47cd-bfb3-7ca1c39a7752"><testcase classname="backend.tests.test_aetherV2" name="test_basic_actions_return_200[identity]" time="0.438" /><testcase classname="backend.tests.test_aetherV2" name="test_basic_actions_return_200[dashboard]" time="0.194" /><testcase classname="backend.tests.test_aetherV2" name="test_basic_actions_return_200[schema_sync]" time="0.143" /><testcase classname="backend.tests.test_aetherV2" name="test_basic_actions_return_200[schema_changes]" time="1.105" /><testcase classname="backend.tests.test_aetherV2" name="test_basic_actions_return_200[schema_diff]" time="0.114" /><testcase classname="backend.tests.test_aetherV2" name="test_basic_actions_return_200[knowledge_summary]" time="0.121" /><testcase classname="backend.tests.test_aetherV2" name="test_basic_actions_return_200[knowledge_search]" time="0.150" /><testcase classname="backend.tests.test_aetherV2" name="test_basic_actions_return_200[health]" time="0.153" /><testcase classname="backend.tests.test_aetherV2" name="test_basic_actions_return_200[issues]" time="0.111" /><testcase classname="backend.tests.test_aetherV2" name="test_basic_actions_return_200[audit]" time="0.108" /><testcase classname="backend.tests.test_aetherV2" name="test_basic_actions_return_200[learning_stats]" time="0.151" /><testcase classname="backend.tests.test_aetherV2" name="test_basic_actions_return_200[list_plans]" time="0.103" /><testcase classname="backend.tests.test_aetherV2" name="test_basic_actions_return_200[history]" time="0.187" /><testcase classname="backend.tests.test_aetherV2" name="test_basic_actions_return_200[tick]" time="0.187" /><testcase classname="backend.tests.test_aetherV2" name="test_schema_diff_shape" time="0.250" /><testcase classname="backend.tests.test_aetherV2" name="test_pdf_receipt_download" time="0.250" /><testcase classname="backend.tests.test_aetherV2" name="test_pdf_payslip_download" time="0.158" /><testcase classname="backend.tests.test_aetherV2" name="test_notifier_should_notify_threshold" time="0.063" /><testcase classname="backend.tests.test_aetherV2" name="test_self_contained_no_includes_auth" time="0.108" /><testcase classname="backend.tests.test_aetherV2" name="test_schema_adaptive_create_alter_drop" time="1.062" /><testcase classname="backend.tests.test_aetherV2" name="test_chat_intents[hello-expected_intents0]" time="0.153" /><testcase classname="backend.tests.test_aetherV2" name="test_chat_intents[show dashboard-expected_intents1]" time="0.113" /><testcase classname="backend.tests.test_aetherV2" name="test_chat_intents[top donors-expected_intents2]" time="0.110" /><testcase classname="backend.tests.test_aetherV2" name="test_chat_intents[forecast donations-expected_intents3]" time="0.122" /><testcase classname="backend.tests.test_aetherV2" name="test_chat_intents[low stock-expected_intents4]" time="0.111" /><testcase classname="backend.tests.test_aetherV2" name="test_chat_intents[describe employees-expected_intents5]" time="0.113" /><testcase classname="backend.tests.test_aetherV2" name="test_chat_intents[recent audit-expected_intents6]" time="0.105" /><testcase classname="backend.tests.test_aetherV2" name="test_chat_intents[health-expected_intents7]" time="0.141" /><testcase classname="backend.tests.test_aetherV2" name="test_forecast_includes_valid_month" time="0.112" /><testcase classname="backend.tests.test_aetherV2" name="test_donation_plan_approve_workflow" time="0.247" /><testcase classname="backend.tests.test_aetherV2" name="test_nonadmin_blocked_self_heal" time="0.280" /><testcase classname="backend.tests.test_aetherV2" name="test_nonadmin_blocked_schema_sync" time="0.123" /><testcase classname="backend.tests.test_aetherV2" name="test_audit_log_events" time="0.109" /><testcase classname="backend.tests.test_aetherV2" name="test_zz_cleanup" time="0.040" /></testsuite></testsuites>