<?xml version="1.0" encoding="utf-8"?><testsuites name="pytest tests"><testsuite name="pytest" errors="0" failures="0" skipped="0" tests="21" time="0.379" timestamp="2026-04-28T15:09:35.183623+00:00" hostname="agent-env-f1d55d72-93ae-47cd-bfb3-7ca1c39a7752"><testcase classname="backend.tests.test_aetherV2_iter4.TestMyTasks" name="test_my_tasks_admin" time="0.069" /><testcase classname="backend.tests.test_aetherV2_iter4.TestMyTasks" name="test_my_tasks_accountant" time="0.066" /><testcase classname="backend.tests.test_aetherV2_iter4.TestAllPendingPlans" name="test_admin_sees_pending" time="0.004" /><testcase classname="backend.tests.test_aetherV2_iter4.TestAllPendingPlans" name="test_accountant_blocked" time="0.003" /><testcase classname="backend.tests.test_aetherV2_iter4.TestUsersList" name="test_admin" time="0.003" /><testcase classname="backend.tests.test_aetherV2_iter4.TestUsersList" name="test_accountant_blocked" time="0.003" /><testcase classname="backend.tests.test_aetherV2_iter4.TestAssignPlan" name="test_assign_and_view" time="0.013" /><testcase classname="backend.tests.test_aetherV2_iter4.TestAssignPlan" name="test_assign_blocked_for_accountant" time="0.003" /><testcase classname="backend.tests.test_aetherV2_iter4.TestReportsHistory" name="test_admin" time="0.004" /><testcase classname="backend.tests.test_aetherV2_iter4" name="test_report_export_csv[donations]" time="0.004" /><testcase classname="backend.tests.test_aetherV2_iter4" name="test_report_export_csv[expenses]" time="0.004" /><testcase classname="backend.tests.test_aetherV2_iter4" name="test_report_export_csv[hr]" time="0.004" /><testcase classname="backend.tests.test_aetherV2_iter4" name="test_report_export_csv[inventory]" time="0.003" /><testcase classname="backend.tests.test_aetherV2_iter4" name="test_report_export_csv[programs]" time="0.003" /><testcase classname="backend.tests.test_aetherV2_iter4" name="test_report_export_csv[volunteers]" time="0.003" /><testcase classname="backend.tests.test_aetherV2_iter4" name="test_report_export_csv[cms]" time="0.003" /><testcase classname="backend.tests.test_aetherV2_iter4" name="test_report_export_csv[audit]" time="0.004" /><testcase classname="backend.tests.test_aetherV2_iter4.TestCsvImporter" name="test_preview_then_execute" time="0.014" /><testcase classname="backend.tests.test_aetherV2_iter4.TestMultiTurn" name="test_record_donation_multi_turn" time="0.022" /><testcase classname="backend.tests.test_aetherV2_iter4.TestMultiTurn" name="test_impact_report_multi_turn" time="0.020" /><testcase classname="backend.tests.test_aetherV2_iter4.TestApprovePlan" name="test_approve_donation_plan" time="0.025" /></testsuite></testsuites>