<?xml version="1.0" encoding="utf-8"?><testsuites name="pytest tests"><testsuite name="pytest" errors="0" failures="6" skipped="2" tests="29" time="132.521" timestamp="2026-05-22T13:44:16.220842+00:00" hostname="agent-env-f1d55d72-93ae-47cd-bfb3-7ca1c39a7752"><testcase classname="backend.tests.test_stock_gst_iter6.TestRef" name="test_ref_org" time="10.488" /><testcase classname="backend.tests.test_stock_gst_iter6.TestRef" name="test_ref_states" time="10.169" /><testcase classname="backend.tests.test_stock_gst_iter6.TestVendor" name="test_vendor_list" time="10.185" /><testcase classname="backend.tests.test_stock_gst_iter6.TestVendor" name="test_vendor_save_invalid_gstin" time="0.222" /><testcase classname="backend.tests.test_stock_gst_iter6.TestVendor" name="test_vendor_save_valid_then_update" time="0.108"><failure message="AssertionError: {&quot;error&quot;:&quot;name required&quot;}&#10;assert 400 == 200&#10; +  where 400 = &lt;Response [400]&gt;.status_code">backend/tests/test_stock_gst_iter6.py:107: in test_vendor_save_valid_then_update
    assert r.status_code == 200, r.text[:300]
E   AssertionError: {"error":"name required"}
E   assert 400 == 200
E    +  where 400 = &lt;Response [400]&gt;.status_code</failure></testcase><testcase classname="backend.tests.test_stock_gst_iter6.TestStock" name="test_stock_items_with_kpi" time="10.234" /><testcase classname="backend.tests.test_stock_gst_iter6.TestStock" name="test_stock_save_new_item" time="0.187" /><testcase classname="backend.tests.test_stock_gst_iter6.TestAdjustments" name="test_adjustment_create_damage" time="10.329"><failure message="AssertionError: {&quot;error&quot;:&quot;item_id, adj_type, qty required&quot;}&#10;assert 400 == 200&#10; +  where 400 = &lt;Response [400]&gt;.status_code">backend/tests/test_stock_gst_iter6.py:161: in test_adjustment_create_damage
    assert r.status_code == 200, r.text[:300]
E   AssertionError: {"error":"item_id, adj_type, qty required"}
E   assert 400 == 200
E    +  where 400 = &lt;Response [400]&gt;.status_code</failure></testcase><testcase classname="backend.tests.test_stock_gst_iter6.TestAdjustments" name="test_adjustment_list_with_pnl" time="10.197" /><testcase classname="backend.tests.test_stock_gst_iter6.TestAdjustments" name="test_stock_pnl_breakdown" time="10.248" /><testcase classname="backend.tests.test_stock_gst_iter6.TestGRN" name="test_grn_save_with_discrepancy" time="20.514" /><testcase classname="backend.tests.test_stock_gst_iter6.TestGRN" name="test_grn_post_blocked_without_attachment" time="0.138" /><testcase classname="backend.tests.test_stock_gst_iter6.TestGRN" name="test_grn_upload_attachment" time="0.124" /><testcase classname="backend.tests.test_stock_gst_iter6.TestGRN" name="test_grn_post_succeeds_with_attachment" time="0.126"><failure message="AssertionError: {&quot;error&quot;:&quot;id required&quot;}&#10;assert 400 == 200&#10; +  where 400 = &lt;Response [400]&gt;.status_code">backend/tests/test_stock_gst_iter6.py:255: in test_grn_post_succeeds_with_attachment
    assert r.status_code == 200, r.text[:300]
E   AssertionError: {"error":"id required"}
E   assert 400 == 200
E    +  where 400 = &lt;Response [400]&gt;.status_code</failure></testcase><testcase classname="backend.tests.test_stock_gst_iter6.TestInvoice" name="test_invoice_intrastate_cgst_sgst" time="10.329"><failure message="AssertionError: invoice number format missing: {&quot;ok&quot;: true, &quot;id&quot;: 2}&#10;assert None">backend/tests/test_stock_gst_iter6.py:290: in test_invoice_intrastate_cgst_sgst
    assert m, f"invoice number format missing: {body[:300]}"
E   AssertionError: invoice number format missing: {"ok": true, "id": 2}
E   assert None</failure></testcase><testcase classname="backend.tests.test_stock_gst_iter6.TestInvoice" name="test_invoice_interstate_igst" time="0.190"><failure message="AssertionError: inter-state must have IGST, got 0.0&#10;assert 0.0 &gt; 0">backend/tests/test_stock_gst_iter6.py:320: in test_invoice_interstate_igst
    assert igst &gt; 0, f"inter-state must have IGST, got {igst}"
E   AssertionError: inter-state must have IGST, got 0.0
E   assert 0.0 &gt; 0</failure></testcase><testcase classname="backend.tests.test_stock_gst_iter6.TestInvoice" name="test_invoice_issue_and_pdf" time="0.000"><skipped type="pytest.skip" message="no invoice id">/app/backend/tests/test_stock_gst_iter6.py:327: no invoice id</skipped></testcase><testcase classname="backend.tests.test_stock_gst_iter6.TestInvoice" name="test_invoice_payment" time="0.000"><skipped type="pytest.skip" message="no invoice id">/app/backend/tests/test_stock_gst_iter6.py:340: no invoice id</skipped></testcase><testcase classname="backend.tests.test_stock_gst_iter6.TestInvoice" name="test_invoice_gst_summary" time="0.156"><failure message="AssertionError: {&quot;error&quot;:&quot;Internal error: SQLSTATE[42000]: Syntax error or access violation: 1064 You have an error in your SQL syntax; check the manual that corresponds to your MariaDB server version for the right syntax to use near 'lines,\n                                        SUM(ti.qty) AS qty,\n          ..&#10;assert 500 == 200&#10; +  where 500 = &lt;Response [500]&gt;.status_code">backend/tests/test_stock_gst_iter6.py:355: in test_invoice_gst_summary
    assert r.status_code == 200, r.text[:300]
E   AssertionError: {"error":"Internal error: SQLSTATE[42000]: Syntax error or access violation: 1064 You have an error in your SQL syntax; check the manual that corresponds to your MariaDB server version for the right syntax to use near 'lines,\n                                        SUM(ti.qty) AS qty,\n          ..
E   assert 500 == 200
E    +  where 500 = &lt;Response [500]&gt;.status_code</failure></testcase><testcase classname="backend.tests.test_stock_gst_iter6.TestDashboard" name="test_dash_overview" time="10.137" /><testcase classname="backend.tests.test_stock_gst_iter6.TestAetherERP" name="test_intent_stock_value" time="0.173" /><testcase classname="backend.tests.test_stock_gst_iter6.TestAetherERP" name="test_intent_outstanding_invoices" time="0.138" /><testcase classname="backend.tests.test_stock_gst_iter6.TestAetherERP" name="test_intent_damages_losses" time="0.123" /><testcase classname="backend.tests.test_stock_gst_iter6.TestAetherERP" name="test_intent_gst_collected" time="6.893" /><testcase classname="backend.tests.test_stock_gst_iter6.TestAuth" name="test_unauthenticated_401" time="0.149" /><testcase classname="backend.tests.test_stock_gst_iter6.TestAuth" name="test_unknown_action" time="10.147" /><testcase classname="backend.tests.test_stock_gst_iter6.TestAuth" name="test_editor_forbidden_vendor_save" time="0.362" /><testcase classname="backend.tests.test_stock_gst_iter6.TestAuth" name="test_editor_forbidden_stock_save" time="0.130" /><testcase classname="backend.tests.test_stock_gst_iter6.TestAuth" name="test_editor_forbidden_invoice_save" time="0.136" /></testsuite></testsuites>